# JRE version: OpenJDK Runtime Environment Corretto-17.0.10.7.1 (17.0.10+7) (build 17.0.10+7-LTS)
# Java VM: OpenJDK 64-Bit Server VM Corretto-17.0.10.7.1 (17.0.10+7-LTS, mixed mode, emulated-client, sharing, tiered, compressed oops, compressed class ptrs, g1 gc, windows-amd64)
GC Precious Log:
 CPUs: 12 total, 12 available
 Memory: 24394M
 Large Page Support: Disabled
 NUMA Support: Disabled
 Compressed Oops: Enabled (Zero based)
 Heap Region Size: 4M
 Heap Min Capacity: 8M
 Heap Initial Capacity: 384M
 Heap Max Capacity: 6100M
 Pre-touch: Disabled
 Parallel Workers: 10
 Concurrent Workers: 3
 Concurrent Refinement Workers: 10
 Periodic GC: Disabled
Heap:
 garbage-first heap   total 81920K, used 38136K [0x0000000682c00000, 0x0000000800000000)
  region size 4096K, 1 young (4096K), 1 survivors (4096K)
 Metaspace       used 40497K, committed 40960K, reserved 1114112K
  class space    used 5680K, committed 5888K, reserved 1048576K
GC Heap History (20 events):
Event: 0.892 GC heap after
{Heap after GC invocations=2 (full 0):
 garbage-first heap   total 393216K, used 14545K [0x0000000682c00000, 0x0000000800000000)
  region size 4096K, 1 young (4096K), 1 survivors (4096K)
 Metaspace       used 6899K, committed 7104K, reserved 1114112K
  class space    used 831K, committed 896K, reserved 1048576K
}
Event: 1.357 GC heap before
{Heap before GC invocations=2 (full 0):
 garbage-first heap   total 393216K, used 47313K [0x0000000682c00000, 0x0000000800000000)
  region size 4096K, 9 young (36864K), 1 survivors (4096K)
 Metaspace       used 11023K, committed 11264K, reserved 1114112K
  class space    used 1412K, committed 1472K, reserved 1048576K
}
Event: 1.360 GC heap after
{Heap after GC invocations=3 (full 0):
 garbage-first heap   total 393216K, used 13884K [0x0000000682c00000, 0x0000000800000000)
  region size 4096K, 1 young (4096K), 1 survivors (4096K)
 Metaspace       used 11023K, committed 11264K, reserved 1114112K
  class space    used 1412K, committed 1472K, reserved 1048576K
}
Event: 2.484 GC heap before
{Heap before GC invocations=3 (full 0):
 garbage-first heap   total 393216K, used 71228K [0x0000000682c00000, 0x0000000800000000)
  region size 4096K, 16 young (65536K), 1 survivors (4096K)
 Metaspace       used 21219K, committed 21504K, reserved 1114112K
  class space    used 2822K, committed 2944K, reserved 1048576K
}
Event: 2.488 GC heap after
{Heap after GC invocations=4 (full 0):
 garbage-first heap   total 393216K, used 16844K [0x0000000682c00000, 0x0000000800000000)
  region size 4096K, 2 young (8192K), 2 survivors (8192K)
 Metaspace       used 21219K, committed 21504K, reserved 1114112K
  class space    used 2822K, committed 2944K, reserved 1048576K
}
Event: 3.261 GC heap before
{Heap before GC invocations=5 (full 0):
 garbage-first heap   total 81920K, used 57804K [0x0000000682c00000, 0x0000000800000000)
  region size 4096K, 13 young (53248K), 2 survivors (8192K)
 Metaspace       used 25331K, committed 25728K, reserved 1114112K
  class space    used 3387K, committed 3584K, reserved 1048576K
}
Event: 3.268 GC heap after
{Heap after GC invocations=6 (full 0):
 garbage-first heap   total 81920K, used 20329K [0x0000000682c00000, 0x0000000800000000)
  region size 4096K, 3 young (12288K), 3 survivors (12288K)
 Metaspace       used 25331K, committed 25728K, reserved 1114112K
  class space    used 3387K, committed 3584K, reserved 1048576K
}
Event: 3.326 GC heap before
{Heap before GC invocations=6 (full 0):
 garbage-first heap   total 81920K, used 24425K [0x0000000682c00000, 0x0000000800000000)
  region size 4096K, 4 young (16384K), 3 survivors (12288K)
 Metaspace       used 25558K, committed 25920K, reserved 1114112K
  class space    used 3420K, committed 3584K, reserved 1048576K
}
Event: 3.333 GC heap after
{Heap after GC invocations=7 (full 0):
 garbage-first heap   total 81920K, used 21308K [0x0000000682c00000, 0x0000000800000000)
  region size 4096K, 1 young (4096K), 1 survivors (4096K)
 Metaspace       used 25558K, committed 25920K, reserved 1114112K
  class space    used 3420K, committed 3584K, reserved 1048576K
}
Event: 3.943 GC heap before
{Heap before GC invocations=7 (full 0):
 garbage-first heap   total 81920K, used 54076K [0x0000000682c00000, 0x0000000800000000)
  region size 4096K, 9 young (36864K), 1 survivors (4096K)
 Metaspace       used 28106K, committed 28480K, reserved 1114112K
  class space    used 3775K, committed 3968K, reserved 1048576K
}
Event: 3.946 GC heap after
{Heap after GC invocations=8 (full 0):
 garbage-first heap   total 81920K, used 22159K [0x0000000682c00000, 0x0000000800000000)
  region size 4096K, 1 young (4096K), 1 survivors (4096K)
 Metaspace       used 28106K, committed 28480K, reserved 1114112K
  class space    used 3775K, committed 3968K, reserved 1048576K
}
Event: 4.674 GC heap before
{Heap before GC invocations=8 (full 0):
 garbage-first heap   total 81920K, used 54927K [0x0000000682c00000, 0x0000000800000000)
  region size 4096K, 9 young (36864K), 1 survivors (4096K)
 Metaspace       used 31326K, committed 31680K, reserved 1114112K
  class space    used 4367K, committed 4544K, reserved 1048576K
}
Event: 4.677 GC heap after
{Heap after GC invocations=9 (full 0):
 garbage-first heap   total 81920K, used 23759K [0x0000000682c00000, 0x0000000800000000)
  region size 4096K, 1 young (4096K), 1 survivors (4096K)
 Metaspace       used 31326K, committed 31680K, reserved 1114112K
  class space    used 4367K, committed 4544K, reserved 1048576K
}
Event: 5.288 GC heap before
{Heap before GC invocations=9 (full 0):
 garbage-first heap   total 81920K, used 60623K [0x0000000682c00000, 0x0000000800000000)
  region size 4096K, 10 young (40960K), 1 survivors (4096K)
 Metaspace       used 35685K, committed 36224K, reserved 1114112K
  class space    used 5006K, committed 5248K, reserved 1048576K
}
Event: 5.294 GC heap after
{Heap after GC invocations=10 (full 0):
 garbage-first heap   total 81920K, used 27301K [0x0000000682c00000, 0x0000000800000000)
  region size 4096K, 2 young (8192K), 2 survivors (8192K)
 Metaspace       used 35685K, committed 36224K, reserved 1114112K
  class space    used 5006K, committed 5248K, reserved 1048576K
}
Event: 5.363 GC heap before
{Heap before GC invocations=10 (full 0):
 garbage-first heap   total 81920K, used 47781K [0x0000000682c00000, 0x0000000800000000)
  region size 4096K, 9 young (36864K), 2 survivors (8192K)
 Metaspace       used 35825K, committed 36288K, reserved 1114112K
  class space    used 5022K, committed 5248K, reserved 1048576K
}
Event: 5.373 GC heap after
{Heap after GC invocations=11 (full 0):
 garbage-first heap   total 81920K, used 36205K [0x0000000682c00000, 0x0000000800000000)
  region size 4096K, 2 young (8192K), 2 survivors (8192K)
 Metaspace       used 35825K, committed 36288K, reserved 1114112K
  class space    used 5022K, committed 5248K, reserved 1048576K
}
Event: 5.647 GC heap before
{Heap before GC invocations=12 (full 0):
 garbage-first heap   total 81920K, used 52589K [0x0000000682c00000, 0x0000000800000000)
  region size 4096K, 7 young (28672K), 2 survivors (8192K)
 Metaspace       used 36987K, committed 37376K, reserved 1114112K
  class space    used 5185K, committed 5376K, reserved 1048576K
}
Event: 5.650 GC heap after
{Heap after GC invocations=13 (full 0):
 garbage-first heap   total 81920K, used 37715K [0x0000000682c00000, 0x0000000800000000)
  region size 4096K, 1 young (4096K), 1 survivors (4096K)
 Metaspace       used 36987K, committed 37376K, reserved 1114112K
  class space    used 5185K, committed 5376K, reserved 1048576K
}
Event: 6.007 GC heap before
{Heap before GC invocations=13 (full 0):
 garbage-first heap   total 81920K, used 58195K [0x0000000682c00000, 0x0000000800000000)
  region size 4096K, 6 young (24576K), 1 survivors (4096K)
 Metaspace       used 40497K, committed 40960K, reserved 1114112K
  class space    used 5680K, committed 5888K, reserved 1048576K
}

